<?xml version="1.0" encoding="UTF-8"?>
<robot generator="Robot 6.1.1 (Python 3.12.0 on win32)" generated="20240105 14:47:51.634" rpa="false" schemaversion="4">
<suite id="s1" name="Temp Test" source="C:\Users\admin\PycharmProjects\pythonProject3\mysite\temp_test.robot">
<test id="s1-t1" name="Open Google.com" line="5">
<kw name="Open Browser" library="SeleniumLibrary">
<arg>https://google.com</arg>
<arg>chrome</arg>
<doc>Opens a new browser instance to the optional ``url``.</doc>
<status status="PASS" starttime="20240105 14:47:51.845" endtime="20240105 14:47:55.320"/>
</kw>
<kw name="Maximize Browser Window" library="SeleniumLibrary">
<doc>Maximizes current browser window.</doc>
<status status="PASS" starttime="20240105 14:47:55.323" endtime="20240105 14:47:55.467"/>
</kw>
<doc>Open Google homepage in Chrome browser</doc>
<status status="PASS" starttime="20240105 14:47:51.845" endtime="20240105 14:47:55.468"/>
</test>
<status status="PASS" starttime="20240105 14:47:51.634" endtime="20240105 14:47:55.470"/>
</suite>
<statistics>
<total>
<stat pass="1" fail="0" skip="0">All Tests</stat>
</total>
<tag>
</tag>
<suite>
<stat pass="1" fail="0" skip="0" id="s1" name="Temp Test">Temp Test</stat>
</suite>
</statistics>
<errors>
</errors>
</robot>
